<?xml version="1.0" encoding="UTF-8"?>
<testng-results skipped="0" failed="0" ignored="0" total="1" passed="1">
  <reporter-output>
  </reporter-output>
  <suite name="Default suite" duration-ms="30007" started-at="2019-06-07T06:20:54Z" finished-at="2019-06-07T06:21:24Z">
    <groups>
    </groups>
    <test name="Default test" duration-ms="30007" started-at="2019-06-07T06:20:54Z" finished-at="2019-06-07T06:21:24Z">
      <class name="com.ls.test.TC">
        <test-method status="PASS" signature="beforeMethod()[pri:0, instance:com.ls.test.TC@1d057a39]" name="beforeMethod" is-config="true" duration-ms="8944" started-at="2019-06-07T06:20:54Z" finished-at="2019-06-07T06:21:03Z">
          <reporter-output>
          </reporter-output>
        </test-method> <!-- beforeMethod -->
        <test-method status="PASS" signature="name2()[pri:0, instance:com.ls.test.TC@1d057a39]" name="name2" duration-ms="20794" started-at="2019-06-07T06:21:03Z" finished-at="2019-06-07T06:21:24Z">
          <reporter-output>
          </reporter-output>
        </test-method> <!-- name2 -->
        <test-method status="PASS" signature="afterMethod()[pri:0, instance:com.ls.test.TC@1d057a39]" name="afterMethod" is-config="true" duration-ms="248" started-at="2019-06-07T06:21:24Z" finished-at="2019-06-07T06:21:24Z">
          <reporter-output>
          </reporter-output>
        </test-method> <!-- afterMethod -->
      </class> <!-- com.ls.test.TC -->
    </test> <!-- Default test -->
  </suite> <!-- Default suite -->
</testng-results>
